<?xml version="1.0" encoding="UTF-8"?><testsuite errors="0" failures="0" name="com.bestbuy.storesinfo.StoreCRUDTestWithSteps" skipped="0" tests="4" time="33.01" timestamp="2023-03-01T16:23:22.212Z[Europe/London]"><testcase classname="com.bestbuy.storesinfo.StoreCRUDTestWithSteps" name="this will create new store"/><testcase classname="com.bestbuy.storesinfo.StoreCRUDTestWithSteps" name="verify if store is created"/><testcase classname="com.bestbuy.storesinfo.StoreCRUDTestWithSteps" name="Update  store information"/><testcase classname="com.bestbuy.storesinfo.StoreCRUDTestWithSteps" name="delete store info storeId and verify its delete"/></testsuite>