<?xml version="1.0" encoding="UTF-8"?><testsuite errors="0" failures="0" name="com.bestbuy.productinfo.ProductCRUDTestWithSteps" skipped="0" tests="4" time="95.84" timestamp="2023-03-01T16:10:01.990Z[Europe/London]"><testcase classname="com.bestbuy.productinfo.ProductCRUDTestWithSteps" name="this will create new store"/><testcase classname="com.bestbuy.productinfo.ProductCRUDTestWithSteps" name="verify if products is created"/><testcase classname="com.bestbuy.productinfo.ProductCRUDTestWithSteps" name="Update  products information"/><testcase classname="com.bestbuy.productinfo.ProductCRUDTestWithSteps" name="delete store info storeId and verify its delete"/></testsuite>