<?xml version="1.0" encoding="UTF-8"?><testsuite errors="0" failures="0" name="com.bestbuy.categoriesinfo.CategoriesCRUDTestWithSteps" skipped="0" tests="4" time="37.4" timestamp="2023-03-01T11:00:43.829Z[Europe/London]"><testcase classname="com.bestbuy.categoriesinfo.CategoriesCRUDTestWithSteps" name="This will create a new categories"/><testcase classname="com.bestbuy.categoriesinfo.CategoriesCRUDTestWithSteps" name="verify if categories is created"/><testcase classname="com.bestbuy.categoriesinfo.CategoriesCRUDTestWithSteps" name="update the user information"/><testcase classname="com.bestbuy.categoriesinfo.CategoriesCRUDTestWithSteps" name="Delete categories info by categoriesID and verify its deleted"/></testsuite>