<?xml version="1.0" encoding="UTF-8"?><testsuite errors="0" failures="0" name="com.bestbuy.categoriesinfo.CategoriesCRUDTest" skipped="0" tests="4" time="17.73" timestamp="2023-03-01T05:01:22.577Z[Europe/London]"><testcase classname="com.bestbuy.categoriesinfo.CategoriesCRUDTest" name="This will create a new categories"/><testcase classname="com.bestbuy.categoriesinfo.CategoriesCRUDTest" name="verify if categories was created"/><testcase classname="com.bestbuy.categoriesinfo.CategoriesCRUDTest" name="Update the user and verify the updated information"/><testcase classname="com.bestbuy.categoriesinfo.CategoriesCRUDTest" name="Delete the categories and verify if the categories is deleted"/></testsuite>