<?xml version="1.0" encoding="UTF-8"?><testsuite errors="0" failures="0" name="com.bestbuy.servicesinfo.ServicesCRUDTestWithSteps" skipped="0" tests="4" time="31.9" timestamp="2023-03-01T16:17:38.170Z[Europe/London]"><testcase classname="com.bestbuy.servicesinfo.ServicesCRUDTestWithSteps" name="This will create a new services"/><testcase classname="com.bestbuy.servicesinfo.ServicesCRUDTestWithSteps" name="verify if services is created"/><testcase classname="com.bestbuy.servicesinfo.ServicesCRUDTestWithSteps" name="update the user information"/><testcase classname="com.bestbuy.servicesinfo.ServicesCRUDTestWithSteps" name="Delete services info by servicesID and verify its deleted"/></testsuite>