<?xml version="1.0" encoding="UTF-8"?><testsuite errors="0" failures="1" name="com.bestbuy.servicesinfo.ServicesCRUDTestWithSteps" skipped="0" tests="1" time="23.19" timestamp="2023-03-01T13:13:59.048Z[Europe/London]"><testcase classname="com.bestbuy.servicesinfo.ServicesCRUDTestWithSteps" name="Delete services info by servicesID and verify its deleted"><failure message="1 expectation failed.&#10;Expected status code &lt;200&gt; but was &lt;404&gt;.&#10;" type="java.lang.AssertionError">1 expectation failed.
Expected status code &lt;200&gt; but was &lt;404&gt;.
</failure><system-err>1 expectation failed.
Expected status code &lt;200&gt; but was &lt;404&gt;.
&#13;
io.restassured.internal.ResponseSpecificationImpl.validateResponseIfRequired(ResponseSpecificationImpl.groovy:636)&#13;
io.restassured.internal.ResponseSpecificationImpl.statusCode(ResponseSpecificationImpl.groovy:122)&#13;
io.restassured.internal.ResponseSpecificationImpl.statusCode(ResponseSpecificationImpl.groovy:130)&#13;
io.restassured.internal.ValidatableResponseOptionsImpl.statusCode(ValidatableResponseOptionsImpl.java:117)&#13;
com.bestbuy.servicesinfo.ServicesCRUDTestWithSteps.test004(ServicesCRUDTestWithSteps.java:57)&#13;
</system-err></testcase></testsuite>